SF:lib/clevertap_plugin.dart
DA:45,0
DA:48,0
DA:50,0
DA:51,0
DA:54,0
DA:55,0
DA:56,0
DA:57,0
DA:58,0
DA:59,0
DA:60,0
DA:62,0
DA:63,0
DA:64,0
DA:66,0
DA:67,0
DA:69,0
DA:70,0
DA:72,0
DA:73,0
DA:75,0
DA:76,0
DA:78,0
DA:79,0
DA:80,0
DA:82,0
DA:83,0
DA:85,0
DA:86,0
DA:87,0
DA:89,0
DA:90,0
DA:92,0
DA:93,0
DA:95,0
DA:96,0
DA:98,0
DA:99,0
DA:101,0
DA:102,0
DA:103,0
DA:109,0
DA:111,0
DA:114,0
DA:116,0
DA:119,0
DA:121,0
DA:124,0
DA:125,0
DA:128,0
DA:130,0
DA:133,0
DA:135,0
DA:138,0
DA:140,0
DA:143,0
DA:145,0
DA:148,0
DA:150,0
DA:153,0
DA:155,0
DA:158,0
DA:160,0
DA:163,0
DA:165,0
DA:168,0
DA:170,0
DA:173,0
DA:175,0
DA:178,0
DA:179,0
DA:183,0
DA:184,0
DA:188,0
DA:189,0
DA:193,0
DA:194,0
DA:198,0
DA:199,0
DA:203,0
DA:204,0
DA:208,0
DA:209,0
DA:210,0
DA:214,0
DA:220,0
DA:230,0
DA:237,0
DA:248,0
DA:255,0
DA:266,0
DA:274,0
DA:286,0
DA:288,0
DA:289,0
DA:293,0
DA:294,0
DA:295,0
DA:299,0
DA:300,0
DA:301,0
DA:305,0
DA:306,0
DA:307,0
DA:311,0
DA:312,0
DA:313,0
DA:317,0
DA:318,0
DA:322,0
DA:323,0
DA:327,0
DA:328,0
DA:329,0
DA:333,0
DA:334,0
DA:338,0
DA:339,0
DA:343,0
DA:344,0
DA:345,0
DA:349,0
DA:351,0
DA:352,0
DA:364,0
DA:366,0
DA:367,0
DA:371,1
DA:372,1
DA:373,2
DA:377,1
DA:378,1
DA:379,2
DA:383,1
DA:384,1
DA:385,2
DA:390,1
DA:392,3
DA:393,1
DA:397,1
DA:398,1
DA:399,2
DA:400,1
DA:404,0
DA:405,0
DA:406,0
DA:410,1
DA:411,1
DA:412,2
DA:416,1
DA:417,3
DA:448,0
DA:449,0
DA:453,0
DA:454,0
DA:459,0
DA:460,0
DA:461,0
DA:465,0
DA:466,0
DA:467,0
DA:473,0
DA:474,0
DA:475,0
DA:486,0
DA:487,0
DA:488,0
DA:499,0
DA:500,0
DA:501,0
DA:509,0
DA:510,0
DA:511,0
DA:519,0
DA:520,0
DA:521,0
DA:525,0
DA:527,0
DA:528,0
DA:532,1
DA:533,3
DA:537,1
DA:538,3
DA:542,1
DA:543,3
DA:547,1
DA:548,3
DA:552,1
DA:554,3
DA:555,1
DA:559,0
DA:560,0
DA:564,0
DA:565,0
DA:566,0
DA:570,1
DA:571,3
DA:575,1
DA:576,3
DA:581,1
DA:582,3
DA:586,1
DA:587,3
DA:591,1
DA:593,1
DA:594,2
DA:595,1
DA:599,0
DA:600,0
DA:601,0
DA:605,0
DA:606,0
DA:607,0
DA:611,0
DA:613,0
DA:614,0
DA:618,0
DA:620,0
DA:621,0
DA:625,1
DA:626,3
DA:631,0
DA:632,0
DA:633,0
DA:637,0
DA:638,0
DA:639,0
DA:643,0
DA:644,0
DA:645,0
DA:649,0
DA:650,0
DA:651,0
DA:655,0
DA:656,0
DA:657,0
DA:661,0
DA:662,0
DA:663,0
DA:667,0
DA:668,0
DA:669,0
DA:673,0
DA:674,0
DA:675,0
DA:679,0
DA:680,0
DA:681,0
DA:685,0
DA:686,0
DA:687,0
DA:691,0
DA:692,0
DA:693,0
DA:697,0
DA:698,0
DA:699,0
DA:703,1
DA:704,2
DA:705,1
DA:709,1
DA:711,2
DA:712,1
DA:716,1
DA:717,2
DA:718,1
DA:722,1
DA:724,2
DA:725,1
DA:729,1
DA:731,2
DA:732,1
DA:736,1
DA:738,2
DA:739,1
DA:742,1
DA:744,2
DA:745,1
DA:749,1
DA:751,2
DA:752,1
DA:756,1
DA:758,2
DA:760,1
DA:761,1
DA:765,1
DA:767,2
DA:768,1
DA:769,1
DA:773,1
DA:775,2
DA:777,1
DA:778,1
DA:782,1
DA:784,2
DA:785,1
DA:786,1
DA:791,1
DA:792,3
DA:796,1
DA:798,3
DA:799,1
DA:803,0
DA:804,0
DA:805,0
DA:809,0
DA:810,0
DA:811,0
DA:816,1
DA:817,2
DA:818,1
DA:823,0
DA:824,0
DA:825,0
DA:829,0
DA:830,0
DA:834,0
DA:835,0
DA:836,0
DA:840,0
DA:841,0
DA:845,0
DA:846,0
DA:850,0
DA:851,0
DA:852,0
DA:856,1
DA:857,3
DA:861,1
DA:862,3
DA:866,1
DA:867,3
DA:871,1
DA:872,3
DA:876,1
DA:877,3
DA:881,0
DA:882,0
LF:338
LH:104
end_of_record
